<?xml version="1.0" encoding="UTF-8"?>
<!-- Generated by org.testng.reporters.JUnitReportReporter -->
<testsuite hostname="libbys-MacBook-Pro.local" failures="0" tests="1" name="com.ca.fortest.TryTest3" time="0.003" errors="0" timestamp="19 Oct 2023 20:59:29 GMT">
  <testcase classname="com.ca.fortest.TryTest3" name="f3" time="0.003"/>
</testsuite> <!-- com.ca.fortest.TryTest3 -->
