<?xml version="1.0" encoding="UTF-8"?>
<!-- Generated by org.testng.reporters.JUnitReportReporter -->
<testsuite hostname="libbys-MacBook-Pro.local" failures="0" tests="1" name="com.ca.fortest.TryTest" time="0.009" errors="0" timestamp="19 Oct 2023 20:57:32 GMT">
  <testcase classname="com.ca.fortest.TryTest" name="f" time="0.009"/>
</testsuite> <!-- com.ca.fortest.TryTest -->
